<?xml version="1.0" encoding="UTF-8"?>
<!-- Generated by org.testng.reporters.JUnitReportReporter -->
<testsuite hostname="DESKTOP-PJTLFA3" failures="0" tests="3" name="com.itcaree4u.IgnoreTest.DemoTest1" time="0.008" errors="0" timestamp="2024-01-25T18:53:36 IST" skipped="1">
  <testcase classname="com.itcaree4u.IgnoreTest.DemoTest1" name="Test13" time="0.001"/>
  <system-out/>
  <testcase classname="com.itcaree4u.IgnoreTest.DemoTest1" name="Test11" time="0.007"/>
  <system-out/>
  <testcase classname="com.itcaree4u.IgnoreTest.DemoTest1" name="Test12">
    <skipped/>
  </testcase> <!-- Test12 -->
  <system-out/>
</testsuite> <!-- com.itcaree4u.IgnoreTest.DemoTest1 -->
