<?xml version="1.0" encoding="UTF-8"?>
<!-- Generated by org.testng.reporters.JUnitReportReporter -->
<testsuite hostname="DESKTOP-PJTLFA3" failures="0" tests="4" name="dataProviderInTestNG.BasicDataProvider2" time="0.005" errors="0" timestamp="2024-02-06T17:37:35 IST" skipped="0">
  <testcase classname="dataProviderInTestNG.BasicDataProvider2" name="Login" time="0.004"/>
  <system-out/>
  <testcase classname="dataProviderInTestNG.BasicDataProvider2" name="Login" time="0.001"/>
  <system-out/>
  <testcase classname="dataProviderInTestNG.BasicDataProvider2" name="Login" time="0.000"/>
  <system-out/>
  <testcase classname="dataProviderInTestNG.BasicDataProvider2" name="Login" time="0.000"/>
  <system-out/>
</testsuite> <!-- dataProviderInTestNG.BasicDataProvider2 -->
