<?xml version="1.0" encoding="UTF-8"?>
<!-- Generated by org.testng.reporters.JUnitReportReporter -->
<testsuite hostname="DESKTOP-PJTLFA3" failures="0" tests="1" name="tests.GoogleSearch" time="8.285" errors="0" timestamp="2024-01-19T19:42:39 IST" skipped="0">
  <testcase classname="tests.GoogleSearch" name="Search" time="8.285"/>
  <system-out/>
</testsuite> <!-- tests.GoogleSearch -->
