<?xml version="1.0" encoding="UTF-8"?>
<!-- Generated by org.testng.reporters.JUnitReportReporter -->
<testsuite hostname="DESKTOP-PJTLFA3" failures="0" tests="1" name="invocationInTestNG.InvocationFirst2" time="37.501" errors="0" timestamp="2024-02-09T23:31:01 IST" skipped="0">
  <testcase classname="invocationInTestNG.InvocationFirst2" name="InvocationTest" time="37.501"/>
  <system-out/>
</testsuite> <!-- invocationInTestNG.InvocationFirst2 -->
