<?xml version="1.0" encoding="UTF-8"?>
<!-- Generated by org.testng.reporters.JUnitReportReporter -->
<testsuite hostname="DESKTOP-PJTLFA3" failures="0" tests="6" name="dataProviderInTestNG.TestFireBasicDataProvider" time="35.267" errors="0" timestamp="2024-02-23T18:16:07 IST" skipped="0">
  <testcase classname="dataProviderInTestNG.TestFireBasicDataProvider" name="Login" time="7.231"/>
  <system-out/>
  <testcase classname="dataProviderInTestNG.TestFireBasicDataProvider" name="Login" time="5.185"/>
  <system-out/>
  <testcase classname="dataProviderInTestNG.TestFireBasicDataProvider" name="Login" time="5.188"/>
  <system-out/>
  <testcase classname="dataProviderInTestNG.TestFireBasicDataProvider" name="Login" time="7.185"/>
  <system-out/>
  <testcase classname="dataProviderInTestNG.TestFireBasicDataProvider" name="Login" time="5.246"/>
  <system-out/>
  <testcase classname="dataProviderInTestNG.TestFireBasicDataProvider" name="Login" time="5.232"/>
  <system-out/>
</testsuite> <!-- dataProviderInTestNG.TestFireBasicDataProvider -->
