<?xml version="1.0" encoding="UTF-8"?>
<!-- Generated by org.testng.reporters.JUnitReportReporter -->
<testsuite hostname="DESKTOP-PJTLFA3" failures="0" tests="3" name="dataProviderInTestNG.JaggedArray" time="0.012" errors="0" timestamp="2024-02-06T14:17:03 IST" skipped="0">
  <testcase classname="dataProviderInTestNG.JaggedArray" name="Login" time="0.010"/>
  <system-out/>
  <testcase classname="dataProviderInTestNG.JaggedArray" name="Login" time="0.001"/>
  <system-out/>
  <testcase classname="dataProviderInTestNG.JaggedArray" name="Login" time="0.001"/>
  <system-out/>
</testsuite> <!-- dataProviderInTestNG.JaggedArray -->
