<?xml version="1.0" encoding="UTF-8"?>
<!-- Generated by org.testng.reporters.JUnitReportReporter -->
<testsuite hostname="DESKTOP-PJTLFA3" failures="0" tests="1" name="com.itcaree4u.IgnoreTest.LaunchAppInFirefox" time="7.514" errors="0" timestamp="2024-02-11T11:19:27 IST" skipped="0">
  <testcase classname="com.itcaree4u.IgnoreTest.LaunchAppInFirefox" name="LaunchApp" time="7.514"/>
  <system-out/>
</testsuite> <!-- com.itcaree4u.IgnoreTest.LaunchAppInFirefox -->
