<?xml version="1.0" encoding="UTF-8"?>
<!-- Generated by org.testng.reporters.JUnitReportReporter -->
<testsuite hostname="DESKTOP-PJTLFA3" failures="0" tests="1" name="com.itcaree4u.groupTests.GroupTest2" time="0.002" errors="0" timestamp="2024-01-26T23:12:40 IST" skipped="0">
  <testcase classname="com.itcaree4u.groupTests.GroupTest2" name="Test5" time="0.002"/>
  <system-out/>
</testsuite> <!-- com.itcaree4u.groupTests.GroupTest2 -->
