<?xml version="1.0" encoding="UTF-8"?>
<!-- Generated by org.testng.reporters.JUnitReportReporter -->
<testsuite hostname="DESKTOP-PJTLFA3" failures="0" tests="7" name="testNGPrograms.ParametersInTestNG" time="16.422" errors="0" timestamp="2024-01-25T16:20:04 IST" skipped="0">
  <testcase classname="testNGPrograms.ParametersInTestNG" name="VerifySmallBusinessPage" time="0.023"/>
  <system-out/>
  <testcase classname="testNGPrograms.ParametersInTestNG" name="LaunchApp" time="3.674"/>
  <system-out/>
  <testcase classname="testNGPrograms.ParametersInTestNG" name="EnterLoginDeatils" time="3.744"/>
  <system-out/>
  <testcase classname="testNGPrograms.ParametersInTestNG" name="SmallBusinessPageLaunch" time="0.623"/>
  <system-out/>
  <testcase classname="testNGPrograms.ParametersInTestNG" name="EnterLoginDeatils" time="3.630"/>
  <system-out/>
  <testcase classname="testNGPrograms.ParametersInTestNG" name="LaunchApp" time="4.670"/>
  <system-out/>
  <testcase classname="testNGPrograms.ParametersInTestNG" name="VerifyLogin" time="0.058"/>
  <system-out/>
</testsuite> <!-- testNGPrograms.ParametersInTestNG -->
