<?xml version="1.0" encoding="UTF-8"?>
<!-- Generated by org.testng.reporters.JUnitReportReporter -->
<testsuite hostname="DESKTOP-PJTLFA3" failures="0" tests="2" name="tests.OrangeHRM" time="38.592" errors="0" timestamp="2024-01-19T20:40:42 IST" skipped="0">
  <testcase classname="tests.OrangeHRM" name="LaunchApp" time="38.576"/>
  <system-out/>
  <testcase classname="tests.OrangeHRM" name="VerifyLogin" time="0.016"/>
  <system-out/>
</testsuite> <!-- tests.OrangeHRM -->
