<?xml version="1.0" encoding="UTF-8"?>
<!-- Generated by org.testng.reporters.JUnitReportReporter -->
<testsuite hostname="DESKTOP-PJTLFA3" failures="0" tests="2" name="dataProviderInTestNG.TwoDimensionalArray" time="0.007" errors="0" timestamp="2024-02-06T13:32:23 IST" skipped="0">
  <testcase classname="dataProviderInTestNG.TwoDimensionalArray" name="Login" time="0.005"/>
  <system-out/>
  <testcase classname="dataProviderInTestNG.TwoDimensionalArray" name="Login" time="0.002"/>
  <system-out/>
</testsuite> <!-- dataProviderInTestNG.TwoDimensionalArray -->
