<?xml version="1.0" encoding="UTF-8"?>
<!-- Generated by org.testng.reporters.JUnitReportReporter -->
<testsuite hostname="DESKTOP-PJTLFA3" failures="0" tests="2" name="dataProviderInTestNG.TwoDimensionalArray2" time="0.006" errors="0" timestamp="2024-02-06T13:33:29 IST" skipped="0">
  <testcase classname="dataProviderInTestNG.TwoDimensionalArray2" name="Login" time="0.006"/>
  <system-out/>
  <testcase classname="dataProviderInTestNG.TwoDimensionalArray2" name="Login" time="0.000"/>
  <system-out/>
</testsuite> <!-- dataProviderInTestNG.TwoDimensionalArray2 -->
