<?xml version="1.0" encoding="UTF-8"?>
<!-- Generated by org.testng.reporters.JUnitReportReporter -->
<testsuite hostname="DESKTOP-PJTLFA3" failures="0" tests="2" name="invocationInTestNG.InvocationFirst" time="18.107" errors="0" timestamp="2024-02-09T22:46:54 IST" skipped="0">
  <testcase classname="invocationInTestNG.InvocationFirst" name="InvocationTest" time="9.046"/>
  <system-out/>
  <testcase classname="invocationInTestNG.InvocationFirst" name="InvocationTest" time="9.061"/>
  <system-out/>
</testsuite> <!-- invocationInTestNG.InvocationFirst -->
