<?xml version="1.0" encoding="UTF-8"?>
<!-- Generated by org.testng.reporters.JUnitReportReporter -->
<testsuite hostname="DESKTOP-PJTLFA3" failures="0" tests="2" name="tests.FirstTest" time="22.683" errors="0" timestamp="2024-01-19T19:53:51 IST" skipped="0">
  <testcase classname="tests.FirstTest" name="GoogleSearch" time="7.562"/>
  <system-out/>
  <testcase classname="tests.FirstTest" name="TestFacebook" time="15.121"/>
  <system-out/>
</testsuite> <!-- tests.FirstTest -->
