<?xml version="1.0" encoding="UTF-8"?>
<!-- Generated by org.testng.reporters.JUnitReportReporter -->
<testsuite hostname="DESKTOP-PJTLFA3" failures="0" tests="3" name="Practice.Test4" time="0.008" errors="0" timestamp="2024-02-23T15:22:17 IST" skipped="0">
  <testcase classname="Practice.Test4" name="Test12" time="0.002"/>
  <system-out/>
  <testcase classname="Practice.Test4" name="Test12" time="0.000"/>
  <system-out/>
  <testcase classname="Practice.Test4" name="Test12" time="0.006"/>
  <system-out/>
</testsuite> <!-- Practice.Test4 -->
