<?xml version="1.0" encoding="UTF-8"?>
<!-- Generated by org.testng.reporters.JUnitReportReporter -->
<testsuite hostname="DESKTOP-PJTLFA3" failures="0" tests="2" name="Practice.Test3" time="0.005" errors="0" timestamp="2024-02-23T15:29:06 IST" skipped="0">
  <testcase classname="Practice.Test3" name="m1" time="0.004"/>
  <system-out/>
  <testcase classname="Practice.Test3" name="m1" time="0.001"/>
  <system-out/>
</testsuite> <!-- Practice.Test3 -->
