<?xml version="1.0" encoding="UTF-8"?>
<!-- Generated by org.testng.reporters.JUnitReportReporter -->
<testsuite hostname="DESKTOP-PJTLFA3" failures="0" tests="6" name="testNGPrograms.FlightBookingTest" time="0.009" errors="0" timestamp="2024-01-25T18:19:36 IST" skipped="0">
  <testcase classname="testNGPrograms.FlightBookingTest" name="Signup" time="0.007"/>
  <system-out/>
  <testcase classname="testNGPrograms.FlightBookingTest" name="Login" time="0.000"/>
  <system-out/>
  <testcase classname="testNGPrograms.FlightBookingTest" name="SearchTheFlight" time="0.001"/>
  <system-out/>
  <testcase classname="testNGPrograms.FlightBookingTest" name="BookTheFlight" time="0.000"/>
  <system-out/>
  <testcase classname="testNGPrograms.FlightBookingTest" name="SaveTheFlight" time="0.000"/>
  <system-out/>
  <testcase classname="testNGPrograms.FlightBookingTest" name="SignOut" time="0.001"/>
  <system-out/>
</testsuite> <!-- testNGPrograms.FlightBookingTest -->
