<?xml version="1.0" encoding="UTF-8"?>
<!-- Generated by org.testng.reporters.JUnitReportReporter -->
<testsuite hostname="DESKTOP-PJTLFA3" failures="0" tests="1" name="javaScriptExecutorPractice.HighlightJavascriptExecutor" time="4.136" errors="0" timestamp="2024-02-24T00:26:16 IST" skipped="0">
  <testcase classname="javaScriptExecutorPractice.HighlightJavascriptExecutor" name="BorderBackGround" time="4.136"/>
  <system-out/>
</testsuite> <!-- javaScriptExecutorPractice.HighlightJavascriptExecutor -->
