<?xml version="1.0" encoding="UTF-8"?>
<!-- Generated by org.testng.reporters.JUnitReportReporter -->
<testsuite hostname="DESKTOP-PJTLFA3" failures="0" tests="2" name="testNGPrograms.AnnotationTest" time="0.007" errors="0" timestamp="2024-01-24T16:15:16 IST" skipped="0">
  <testcase classname="testNGPrograms.AnnotationTest" name="TestMethod1" time="0.004"/>
  <system-out/>
  <testcase classname="testNGPrograms.AnnotationTest" name="TestMethod2" time="0.003"/>
  <system-out/>
</testsuite> <!-- testNGPrograms.AnnotationTest -->
