<?xml version="1.0" encoding="UTF-8"?>
<!-- Generated by org.testng.reporters.JUnitReportReporter -->
<testsuite hostname="DESKTOP-PJTLFA3" failures="0" tests="3" name="testNGPrograms.OrangeHRM" time="32.070" errors="0" timestamp="2024-01-24T14:14:51 IST" skipped="0">
  <testcase classname="testNGPrograms.OrangeHRM" name="LaunchApp" time="24.688"/>
  <system-out/>
  <testcase classname="testNGPrograms.OrangeHRM" name="VerifyLogin" time="0.134"/>
  <system-out/>
  <testcase classname="testNGPrograms.OrangeHRM" name="UserLogin" time="7.248"/>
  <system-out/>
</testsuite> <!-- testNGPrograms.OrangeHRM -->
