<?xml version="1.0" encoding="UTF-8"?>
<!-- Generated by org.testng.reporters.JUnitReportReporter -->
<testsuite hostname="DESKTOP-PJTLFA3" failures="0" tests="5" name="Practice.Test2" time="0.007" errors="0" timestamp="2024-02-23T14:23:26 IST" skipped="0">
  <testcase classname="Practice.Test2" name="m1" time="0.001"/>
  <system-out/>
  <testcase classname="Practice.Test2" name="m1" time="0.001"/>
  <system-out/>
  <testcase classname="Practice.Test2" name="m1" time="0.000"/>
  <system-out/>
  <testcase classname="Practice.Test2" name="m1" time="0.005"/>
  <system-out/>
  <testcase classname="Practice.Test2" name="m1" time="0.000"/>
  <system-out/>
</testsuite> <!-- Practice.Test2 -->
