<?xml version="1.0" encoding="UTF-8"?>
<!-- Generated by org.testng.reporters.JUnitReportReporter -->
<testsuite hostname="DESKTOP-PJTLFA3" failures="0" tests="3" name="dataProviderInTestNG.IteratorObjectArray" time="0.006" errors="0" timestamp="2024-02-06T14:52:00 IST" skipped="0">
  <testcase classname="dataProviderInTestNG.IteratorObjectArray" name="Login" time="0.001"/>
  <system-out/>
  <testcase classname="dataProviderInTestNG.IteratorObjectArray" name="Login" time="0.000"/>
  <system-out/>
  <testcase classname="dataProviderInTestNG.IteratorObjectArray" name="Login" time="0.005"/>
  <system-out/>
</testsuite> <!-- dataProviderInTestNG.IteratorObjectArray -->
