<?xml version="1.0" encoding="UTF-8"?>
<!-- Generated by org.testng.reporters.JUnitReportReporter -->
<testsuite hostname="DESKTOP-PJTLFA3" failures="0" tests="1" name="javaScriptExecutorPractice.ScrollJavaScriptExecutor" time="14.114" errors="0" timestamp="2024-02-23T23:33:03 IST" skipped="0">
  <testcase classname="javaScriptExecutorPractice.ScrollJavaScriptExecutor" name="ScrollScenarios" time="14.114"/>
  <system-out/>
</testsuite> <!-- javaScriptExecutorPractice.ScrollJavaScriptExecutor -->
