<?xml version="1.0" encoding="UTF-8"?>
<!-- Generated by org.testng.reporters.JUnitReportReporter -->
<testsuite hostname="DESKTOP-PJTLFA3" failures="0" tests="2" name="com.itcaree4u.groupTests.GroupTest1" time="0.007" errors="0" timestamp="2024-01-26T23:12:40 IST" skipped="0">
  <testcase classname="com.itcaree4u.groupTests.GroupTest1" name="Test2" time="0.001"/>
  <system-out/>
  <testcase classname="com.itcaree4u.groupTests.GroupTest1" name="Test1" time="0.006"/>
  <system-out/>
</testsuite> <!-- com.itcaree4u.groupTests.GroupTest1 -->
