<?xml version="1.0" encoding="UTF-8"?>
<!-- Generated by org.testng.reporters.JUnitReportReporter -->
<testsuite hostname="DESKTOP-PJTLFA3" failures="0" tests="3" name="com.itcaree4u.IgnoreTest.DemoTest2" time="0.002" errors="0" timestamp="2024-01-25T18:53:03 IST" skipped="0">
  <testcase classname="com.itcaree4u.IgnoreTest.DemoTest2" name="Test23" time="0.001"/>
  <system-out/>
  <testcase classname="com.itcaree4u.IgnoreTest.DemoTest2" name="Test22" time="0.001"/>
  <system-out/>
  <testcase classname="com.itcaree4u.IgnoreTest.DemoTest2" name="Test21" time="0.000"/>
  <system-out/>
</testsuite> <!-- com.itcaree4u.IgnoreTest.DemoTest2 -->
