<?xml version="1.0" encoding="UTF-8"?>
<!-- Generated by org.testng.reporters.JUnitReportReporter -->
<testsuite hostname="DESKTOP-PJTLFA3" failures="0" tests="3" name="Practice.Test001" time="0.007" errors="0" timestamp="2024-02-23T14:11:14 IST" skipped="0">
  <testcase classname="Practice.Test001" name="m1" time="0.001"/>
  <system-out/>
  <testcase classname="Practice.Test001" name="m1" time="0.005"/>
  <system-out/>
  <testcase classname="Practice.Test001" name="m1" time="0.001"/>
  <system-out/>
</testsuite> <!-- Practice.Test001 -->
