<?xml version="1.0" encoding="UTF-8"?>
<!-- Generated by org.testng.reporters.JUnitReportReporter -->
<testsuite hostname="DESKTOP-PJTLFA3" failures="0" tests="2" name="dataProviderInTestNG.BasicDataProvider2_DataSupplier" time="0.005" errors="0" timestamp="2024-02-06T17:29:19 IST" skipped="0">
  <testcase classname="dataProviderInTestNG.BasicDataProvider2_DataSupplier" name="Login" time="0.005"/>
  <system-out/>
  <testcase classname="dataProviderInTestNG.BasicDataProvider2_DataSupplier" name="Login" time="0.000"/>
  <system-out/>
</testsuite> <!-- dataProviderInTestNG.BasicDataProvider2_DataSupplier -->
